warning: unused import: `Deserialize`
 --> src/lib.rs:5:13
  |
5 | use serde::{Deserialize, Serialize};
  |             ^^^^^^^^^^^
  |
  = note: `#[warn(unused_imports)]` on by default

warning: unused import: `Serialize`
 --> src/lib.rs:5:26
  |
5 | use serde::{Deserialize, Serialize};
  |                          ^^^^^^^^^

warning: `tarpc-example-service` (lib) generated 2 warnings
warning: unused import: `RpcResponseErrors`
 --> src/bin/server.rs:9:31
  |
9 | use suitokengentest::errors::{RpcResponseErrors, TokenGenErrors};
  |                               ^^^^^^^^^^^^^^^^^
  |
  = note: `#[warn(unused_imports)]` on by default

warning: unused variable: `environment`
  --> src/bin/server.rs:83:13
   |
83 |         let environment = if valid_environments.contains(&environment.as...
   |             ^^^^^^^^^^^ help: if this is intentional, prefix it with an underscore: `_environment`
   |
   = note: `#[warn(unused_variables)]` on by default

warning: unused variable: `tx`
   --> src/bin/server.rs:165:22
    |
165 |                 let (tx, rx) = tokio::sync::oneshot::channel::<()>();
    |                      ^^ help: if this is intentional, prefix it with an underscore: `_tx`

warning: `tarpc-example-service` (bin "server") generated 3 warnings (run `cargo fix --bin "server"` to apply 1 suggestion)
    Finished `dev` profile [unoptimized + debuginfo] target(s) in 0.18s
     Running `target/debug/server --port 5000`
